# JRE version: Java(TM) SE Runtime Environment 18.9 (11.0.8+10) (build 11.0.8+10-LTS)
# Java VM: Java HotSpot(TM) 64-Bit Server VM 18.9 (11.0.8+10-LTS, mixed mode, tiered, compressed oops, g1 gc, windows-amd64)
Heap:
 garbage-first heap   total 131072K, used 82578K [0x0000000081c00000, 0x0000000100000000)
  region size 1024K, 38 young (38912K), 3 survivors (3072K)
 Metaspace       used 42699K, capacity 44049K, committed 44316K, reserved 1087488K
  class space    used 5174K, capacity 5729K, committed 5760K, reserved 1048576K
GC Heap History (10 events):
Event: 29.396 GC heap before
{Heap before GC invocations=12 (full 0):
 garbage-first heap   total 131072K, used 76961K [0x0000000081c00000, 0x0000000100000000)
  region size 1024K, 48 young (49152K), 5 survivors (5120K)
 Metaspace       used 40971K, capacity 42157K, committed 42268K, reserved 1085440K
  class space    used 4940K, capacity 5448K, committed 5504K, reserved 1048576K
}
Event: 29.405 GC heap after
{Heap after GC invocations=13 (full 0):
 garbage-first heap   total 131072K, used 40237K [0x0000000081c00000, 0x0000000100000000)
  region size 1024K, 6 young (6144K), 6 survivors (6144K)
 Metaspace       used 40971K, capacity 42157K, committed 42268K, reserved 1085440K
  class space    used 4940K, capacity 5448K, committed 5504K, reserved 1048576K
}
Event: 41.452 GC heap before
{Heap before GC invocations=13 (full 0):
 garbage-first heap   total 131072K, used 83245K [0x0000000081c00000, 0x0000000100000000)
  region size 1024K, 48 young (49152K), 6 survivors (6144K)
 Metaspace       used 42027K, capacity 43321K, committed 43420K, reserved 1087488K
  class space    used 5074K, capacity 5624K, committed 5632K, reserved 1048576K
}
Event: 41.461 GC heap after
{Heap after GC invocations=14 (full 0):
 garbage-first heap   total 131072K, used 45898K [0x0000000081c00000, 0x0000000100000000)
  region size 1024K, 6 young (6144K), 6 survivors (6144K)
 Metaspace       used 42027K, capacity 43321K, committed 43420K, reserved 1087488K
  class space    used 5074K, capacity 5624K, committed 5632K, reserved 1048576K
}
Event: 311.484 GC heap before
{Heap before GC invocations=14 (full 0):
 garbage-first heap   total 131072K, used 86858K [0x0000000081c00000, 0x0000000100000000)
  region size 1024K, 47 young (48128K), 6 survivors (6144K)
 Metaspace       used 42309K, capacity 43648K, committed 43804K, reserved 1087488K
  class space    used 5122K, capacity 5668K, committed 5760K, reserved 1048576K
}
Event: 311.490 GC heap after
{Heap after GC invocations=15 (full 0):
 garbage-first heap   total 131072K, used 48184K [0x0000000081c00000, 0x0000000100000000)
  region size 1024K, 4 young (4096K), 4 survivors (4096K)
 Metaspace       used 42309K, capacity 43648K, committed 43804K, reserved 1087488K
  class space    used 5122K, capacity 5668K, committed 5760K, reserved 1048576K
}
Event: 447.034 GC heap before
{Heap before GC invocations=15 (full 0):
 garbage-first heap   total 131072K, used 91192K [0x0000000081c00000, 0x0000000100000000)
  region size 1024K, 46 young (47104K), 4 survivors (4096K)
 Metaspace       used 42557K, capacity 43947K, committed 44060K, reserved 1087488K
  class space    used 5146K, capacity 5716K, committed 5760K, reserved 1048576K
}
Event: 447.038 GC heap after
{Heap after GC invocations=16 (full 0):
 garbage-first heap   total 131072K, used 49692K [0x0000000081c00000, 0x0000000100000000)
  region size 1024K, 5 young (5120K), 5 survivors (5120K)
 Metaspace       used 42557K, capacity 43947K, committed 44060K, reserved 1087488K
  class space    used 5146K, capacity 5716K, committed 5760K, reserved 1048576K
}
Event: 704.011 GC heap before
{Heap before GC invocations=16 (full 0):
 garbage-first heap   total 131072K, used 93724K [0x0000000081c00000, 0x0000000100000000)
  region size 1024K, 48 young (49152K), 5 survivors (5120K)
 Metaspace       used 42692K, capacity 44049K, committed 44316K, reserved 1087488K
  class space    used 5172K, capacity 5729K, committed 5760K, reserved 1048576K
}
Event: 704.014 GC heap after
{Heap after GC invocations=17 (full 0):
 garbage-first heap   total 131072K, used 47762K [0x0000000081c00000, 0x0000000100000000)
  region size 1024K, 3 young (3072K), 3 survivors (3072K)
 Metaspace       used 42692K, capacity 44049K, committed 44316K, reserved 1087488K
  class space    used 5172K, capacity 5729K, committed 5760K, reserved 1048576K
}

