# JRE version: OpenJDK Runtime Environment Temurin-17.0.1+12 (17.0.1+12) (build 17.0.1+12)
# Java VM: OpenJDK 64-Bit Server VM Temurin-17.0.1+12 (17.0.1+12, mixed mode, tiered, compressed oops, compressed class ptrs, parallel gc, windows-amd64)
GC Precious Log:
 CPUs: 4 total, 4 available
 Memory: 8079M
 Large Page Support: Disabled
 NUMA Support: Disabled
 Compressed Oops: Enabled (32-bit)
 Alignments: Space 512K, Generation 512K, Heap 2M
 Heap Min Capacity: 100M
 Heap Initial Capacity: 100M
 Heap Max Capacity: 1G
 Pre-touch: Disabled
 Parallel Workers: 4
Heap:
 PSYoungGen      total 12288K, used 12224K [0x00000000eab00000, 0x00000000eb980000, 0x0000000100000000)
  eden space 11776K, 100% used [0x00000000eab00000,0x00000000eb680000,0x00000000eb680000)
  from space 512K, 87% used [0x00000000eb900000,0x00000000eb970000,0x00000000eb980000)
  to   space 1024K, 99% used [0x00000000eb780000,0x00000000eb87e900,0x00000000eb880000)
 ParOldGen       total 170496K, used 166453K [0x00000000c0000000, 0x00000000ca680000, 0x00000000eab00000)
  object space 170496K, 97% used [0x00000000c0000000,0x00000000ca28d580,0x00000000ca680000)
 Metaspace       used 83898K, committed 85056K, reserved 1130496K
  class space    used 8282K, committed 8832K, reserved 1048576K
GC Heap History (20 events):
Event: 173.553 GC heap after
{Heap after GC invocations=2452 (full 61):
 PSYoungGen      total 9728K, used 416K [0x00000000eab00000, 0x00000000eb580000, 0x0000000100000000)
  eden space 8704K, 0% used [0x00000000eab00000,0x00000000eab00000,0x00000000eb380000)
  from space 1024K, 40% used [0x00000000eb380000,0x00000000eb3e8000,0x00000000eb480000)
  to   space 512K, 0% used [0x00000000eb500000,0x00000000eb500000,0x00000000eb580000)
 ParOldGen       total 170496K, used 158275K [0x00000000c0000000, 0x00000000ca680000, 0x00000000eab00000)
  object space 170496K, 92% used [0x00000000c0000000,0x00000000c9a90cb0,0x00000000ca680000)
 Metaspace       used 83898K, committed 85056K, reserved 1130496K
  class space    used 8282K, committed 8832K, reserved 1048576K
}
Event: 173.574 GC heap before
{Heap before GC invocations=2453 (full 61):
 PSYoungGen      total 9728K, used 9120K [0x00000000eab00000, 0x00000000eb580000, 0x0000000100000000)
  eden space 8704K, 100% used [0x00000000eab00000,0x00000000eb380000,0x00000000eb380000)
  from space 1024K, 40% used [0x00000000eb380000,0x00000000eb3e8000,0x00000000eb480000)
  to   space 512K, 0% used [0x00000000eb500000,0x00000000eb500000,0x00000000eb580000)
 ParOldGen       total 170496K, used 158275K [0x00000000c0000000, 0x00000000ca680000, 0x00000000eab00000)
  object space 170496K, 92% used [0x00000000c0000000,0x00000000c9a90cb0,0x00000000ca680000)
 Metaspace       used 83898K, committed 85056K, reserved 1130496K
  class space    used 8282K, committed 8832K, reserved 1048576K
}
Event: 173.578 GC heap after
{Heap after GC invocations=2453 (full 61):
 PSYoungGen      total 9728K, used 512K [0x00000000eab00000, 0x00000000eb700000, 0x0000000100000000)
  eden space 9216K, 0% used [0x00000000eab00000,0x00000000eab00000,0x00000000eb400000)
  from space 512K, 100% used [0x00000000eb500000,0x00000000eb580000,0x00000000eb580000)
  to   space 1024K, 0% used [0x00000000eb400000,0x00000000eb400000,0x00000000eb500000)
 ParOldGen       total 170496K, used 158679K [0x00000000c0000000, 0x00000000ca680000, 0x00000000eab00000)
  object space 170496K, 93% used [0x00000000c0000000,0x00000000c9af5d00,0x00000000ca680000)
 Metaspace       used 83898K, committed 85056K, reserved 1130496K
  class space    used 8282K, committed 8832K, reserved 1048576K
}
Event: 174.158 GC heap before
{Heap before GC invocations=2454 (full 61):
 PSYoungGen      total 9728K, used 9728K [0x00000000eab00000, 0x00000000eb700000, 0x0000000100000000)
  eden space 9216K, 100% used [0x00000000eab00000,0x00000000eb400000,0x00000000eb400000)
  from space 512K, 100% used [0x00000000eb500000,0x00000000eb580000,0x00000000eb580000)
  to   space 1024K, 0% used [0x00000000eb400000,0x00000000eb400000,0x00000000eb500000)
 ParOldGen       total 170496K, used 158679K [0x00000000c0000000, 0x00000000ca680000, 0x00000000eab00000)
  object space 170496K, 93% used [0x00000000c0000000,0x00000000c9af5d00,0x00000000ca680000)
 Metaspace       used 83898K, committed 85056K, reserved 1130496K
  class space    used 8282K, committed 8832K, reserved 1048576K
}
Event: 174.161 GC heap after
{Heap after GC invocations=2454 (full 61):
 PSYoungGen      total 10240K, used 1005K [0x00000000eab00000, 0x00000000eb900000, 0x0000000100000000)
  eden space 9216K, 0% used [0x00000000eab00000,0x00000000eab00000,0x00000000eb400000)
  from space 1024K, 98% used [0x00000000eb400000,0x00000000eb4fb4e8,0x00000000eb500000)
  to   space 2560K, 0% used [0x00000000eb680000,0x00000000eb680000,0x00000000eb900000)
 ParOldGen       total 170496K, used 159812K [0x00000000c0000000, 0x00000000ca680000, 0x00000000eab00000)
  object space 170496K, 93% used [0x00000000c0000000,0x00000000c9c11048,0x00000000ca680000)
 Metaspace       used 83898K, committed 85056K, reserved 1130496K
  class space    used 8282K, committed 8832K, reserved 1048576K
}
Event: 174.170 GC heap before
{Heap before GC invocations=2455 (full 61):
 PSYoungGen      total 10240K, used 10221K [0x00000000eab00000, 0x00000000eb900000, 0x0000000100000000)
  eden space 9216K, 100% used [0x00000000eab00000,0x00000000eb400000,0x00000000eb400000)
  from space 1024K, 98% used [0x00000000eb400000,0x00000000eb4fb4e8,0x00000000eb500000)
  to   space 2560K, 0% used [0x00000000eb680000,0x00000000eb680000,0x00000000eb900000)
 ParOldGen       total 170496K, used 159812K [0x00000000c0000000, 0x00000000ca680000, 0x00000000eab00000)
  object space 170496K, 93% used [0x00000000c0000000,0x00000000c9c11048,0x00000000ca680000)
 Metaspace       used 83898K, committed 85056K, reserved 1130496K
  class space    used 8282K, committed 8832K, reserved 1048576K
}
Event: 174.172 GC heap after
{Heap after GC invocations=2455 (full 61):
 PSYoungGen      total 12288K, used 416K [0x00000000eab00000, 0x00000000eb880000, 0x0000000100000000)
  eden space 10240K, 0% used [0x00000000eab00000,0x00000000eab00000,0x00000000eb500000)
  from space 2048K, 20% used [0x00000000eb680000,0x00000000eb6e8020,0x00000000eb880000)
  to   space 1536K, 0% used [0x00000000eb500000,0x00000000eb500000,0x00000000eb680000)
 ParOldGen       total 170496K, used 160837K [0x00000000c0000000, 0x00000000ca680000, 0x00000000eab00000)
  object space 170496K, 94% used [0x00000000c0000000,0x00000000c9d11440,0x00000000ca680000)
 Metaspace       used 83898K, committed 85056K, reserved 1130496K
  class space    used 8282K, committed 8832K, reserved 1048576K
}
Event: 174.184 GC heap before
{Heap before GC invocations=2456 (full 61):
 PSYoungGen      total 12288K, used 10656K [0x00000000eab00000, 0x00000000eb880000, 0x0000000100000000)
  eden space 10240K, 100% used [0x00000000eab00000,0x00000000eb500000,0x00000000eb500000)
  from space 2048K, 20% used [0x00000000eb680000,0x00000000eb6e8020,0x00000000eb880000)
  to   space 1536K, 0% used [0x00000000eb500000,0x00000000eb500000,0x00000000eb680000)
 ParOldGen       total 170496K, used 160837K [0x00000000c0000000, 0x00000000ca680000, 0x00000000eab00000)
  object space 170496K, 94% used [0x00000000c0000000,0x00000000c9d11440,0x00000000ca680000)
 Metaspace       used 83898K, committed 85056K, reserved 1130496K
  class space    used 8282K, committed 8832K, reserved 1048576K
}
Event: 174.185 GC heap after
{Heap after GC invocations=2456 (full 61):
 PSYoungGen      total 11776K, used 512K [0x00000000eab00000, 0x00000000eb880000, 0x0000000100000000)
  eden space 10240K, 0% used [0x00000000eab00000,0x00000000eab00000,0x00000000eb500000)
  from space 1536K, 33% used [0x00000000eb500000,0x00000000eb580000,0x00000000eb680000)
  to   space 1024K, 0% used [0x00000000eb780000,0x00000000eb780000,0x00000000eb880000)
 ParOldGen       total 170496K, used 161209K [0x00000000c0000000, 0x00000000ca680000, 0x00000000eab00000)
  object space 170496K, 94% used [0x00000000c0000000,0x00000000c9d6e490,0x00000000ca680000)
 Metaspace       used 83898K, committed 85056K, reserved 1130496K
  class space    used 8282K, committed 8832K, reserved 1048576K
}
Event: 174.210 GC heap before
{Heap before GC invocations=2457 (full 61):
 PSYoungGen      total 11776K, used 10752K [0x00000000eab00000, 0x00000000eb880000, 0x0000000100000000)
  eden space 10240K, 100% used [0x00000000eab00000,0x00000000eb500000,0x00000000eb500000)
  from space 1536K, 33% used [0x00000000eb500000,0x00000000eb580000,0x00000000eb680000)
  to   space 1024K, 0% used [0x00000000eb780000,0x00000000eb780000,0x00000000eb880000)
 ParOldGen       total 170496K, used 161209K [0x00000000c0000000, 0x00000000ca680000, 0x00000000eab00000)
  object space 170496K, 94% used [0x00000000c0000000,0x00000000c9d6e490,0x00000000ca680000)
 Metaspace       used 83898K, committed 85056K, reserved 1130496K
  class space    used 8282K, committed 8832K, reserved 1048576K
}
Event: 174.213 GC heap after
{Heap after GC invocations=2457 (full 61):
 PSYoungGen      total 11264K, used 1005K [0x00000000eab00000, 0x00000000eb900000, 0x0000000100000000)
  eden space 10240K, 0% used [0x00000000eab00000,0x00000000eab00000,0x00000000eb500000)
  from space 1024K, 98% used [0x00000000eb780000,0x00000000eb87b4e8,0x00000000eb880000)
  to   space 2048K, 0% used [0x00000000eb500000,0x00000000eb500000,0x00000000eb700000)
 ParOldGen       total 170496K, used 161921K [0x00000000c0000000, 0x00000000ca680000, 0x00000000eab00000)
  object space 170496K, 94% used [0x00000000c0000000,0x00000000c9e207d8,0x00000000ca680000)
 Metaspace       used 83898K, committed 85056K, reserved 1130496K
  class space    used 8282K, committed 8832K, reserved 1048576K
}
Event: 174.227 GC heap before
{Heap before GC invocations=2458 (full 61):
 PSYoungGen      total 11264K, used 11245K [0x00000000eab00000, 0x00000000eb900000, 0x0000000100000000)
  eden space 10240K, 100% used [0x00000000eab00000,0x00000000eb500000,0x00000000eb500000)
  from space 1024K, 98% used [0x00000000eb780000,0x00000000eb87b4e8,0x00000000eb880000)
  to   space 2048K, 0% used [0x00000000eb500000,0x00000000eb500000,0x00000000eb700000)
 ParOldGen       total 170496K, used 161921K [0x00000000c0000000, 0x00000000ca680000, 0x00000000eab00000)
  object space 170496K, 94% used [0x00000000c0000000,0x00000000c9e207d8,0x00000000ca680000)
 Metaspace       used 83898K, committed 85056K, reserved 1130496K
  class space    used 8282K, committed 8832K, reserved 1048576K
}
Event: 174.231 GC heap after
{Heap after GC invocations=2458 (full 61):
 PSYoungGen      total 12288K, used 416K [0x00000000eab00000, 0x00000000eb880000, 0x0000000100000000)
  eden space 10240K, 0% used [0x00000000eab00000,0x00000000eab00000,0x00000000eb500000)
  from space 2048K, 20% used [0x00000000eb500000,0x00000000eb568020,0x00000000eb700000)
  to   space 1024K, 0% used [0x00000000eb780000,0x00000000eb780000,0x00000000eb880000)
 ParOldGen       total 170496K, used 162915K [0x00000000c0000000, 0x00000000ca680000, 0x00000000eab00000)
  object space 170496K, 95% used [0x00000000c0000000,0x00000000c9f18fd8,0x00000000ca680000)
 Metaspace       used 83898K, committed 85056K, reserved 1130496K
  class space    used 8282K, committed 8832K, reserved 1048576K
}
Event: 174.258 GC heap before
{Heap before GC invocations=2459 (full 61):
 PSYoungGen      total 12288K, used 10656K [0x00000000eab00000, 0x00000000eb880000, 0x0000000100000000)
  eden space 10240K, 100% used [0x00000000eab00000,0x00000000eb500000,0x00000000eb500000)
  from space 2048K, 20% used [0x00000000eb500000,0x00000000eb568020,0x00000000eb700000)
  to   space 1024K, 0% used [0x00000000eb780000,0x00000000eb780000,0x00000000eb880000)
 ParOldGen       total 170496K, used 162915K [0x00000000c0000000, 0x00000000ca680000, 0x00000000eab00000)
  object space 170496K, 95% used [0x00000000c0000000,0x00000000c9f18fd8,0x00000000ca680000)
 Metaspace       used 83898K, committed 85056K, reserved 1130496K
  class space    used 8282K, committed 8832K, reserved 1048576K
}
Event: 174.260 GC heap after
{Heap after GC invocations=2459 (full 61):
 PSYoungGen      total 12800K, used 480K [0x00000000eab00000, 0x00000000eb880000, 0x0000000100000000)
  eden space 11776K, 0% used [0x00000000eab00000,0x00000000eab00000,0x00000000eb680000)
  from space 1024K, 46% used [0x00000000eb780000,0x00000000eb7f8000,0x00000000eb880000)
  to   space 1024K, 0% used [0x00000000eb680000,0x00000000eb680000,0x00000000eb780000)
 ParOldGen       total 170496K, used 163300K [0x00000000c0000000, 0x00000000ca680000, 0x00000000eab00000)
  object space 170496K, 95% used [0x00000000c0000000,0x00000000c9f79038,0x00000000ca680000)
 Metaspace       used 83898K, committed 85056K, reserved 1130496K
  class space    used 8282K, committed 8832K, reserved 1048576K
}
Event: 174.397 GC heap before
{Heap before GC invocations=2460 (full 61):
 PSYoungGen      total 12800K, used 12256K [0x00000000eab00000, 0x00000000eb880000, 0x0000000100000000)
  eden space 11776K, 100% used [0x00000000eab00000,0x00000000eb680000,0x00000000eb680000)
  from space 1024K, 46% used [0x00000000eb780000,0x00000000eb7f8000,0x00000000eb880000)
  to   space 1024K, 0% used [0x00000000eb680000,0x00000000eb680000,0x00000000eb780000)
 ParOldGen       total 170496K, used 163300K [0x00000000c0000000, 0x00000000ca680000, 0x00000000eab00000)
  object space 170496K, 95% used [0x00000000c0000000,0x00000000c9f79038,0x00000000ca680000)
 Metaspace       used 83898K, committed 85056K, reserved 1130496K
  class space    used 8282K, committed 8832K, reserved 1048576K
}
Event: 174.400 GC heap after
{Heap after GC invocations=2460 (full 61):
 PSYoungGen      total 12800K, used 994K [0x00000000eab00000, 0x00000000ebb80000, 0x0000000100000000)
  eden space 11776K, 0% used [0x00000000eab00000,0x00000000eab00000,0x00000000eb680000)
  from space 1024K, 97% used [0x00000000eb680000,0x00000000eb778bf8,0x00000000eb780000)
  to   space 2560K, 0% used [0x00000000eb900000,0x00000000eb900000,0x00000000ebb80000)
 ParOldGen       total 170496K, used 164228K [0x00000000c0000000, 0x00000000ca680000, 0x00000000eab00000)
  object space 170496K, 96% used [0x00000000c0000000,0x00000000ca0610f8,0x00000000ca680000)
 Metaspace       used 83898K, committed 85056K, reserved 1130496K
  class space    used 8282K, committed 8832K, reserved 1048576K
}
Event: 174.417 GC heap before
{Heap before GC invocations=2461 (full 61):
 PSYoungGen      total 12800K, used 12770K [0x00000000eab00000, 0x00000000ebb80000, 0x0000000100000000)
  eden space 11776K, 100% used [0x00000000eab00000,0x00000000eb680000,0x00000000eb680000)
  from space 1024K, 97% used [0x00000000eb680000,0x00000000eb778bf8,0x00000000eb780000)
  to   space 2560K, 0% used [0x00000000eb900000,0x00000000eb900000,0x00000000ebb80000)
 ParOldGen       total 170496K, used 164228K [0x00000000c0000000, 0x00000000ca680000, 0x00000000eab00000)
  object space 170496K, 96% used [0x00000000c0000000,0x00000000ca0610f8,0x00000000ca680000)
 Metaspace       used 83898K, committed 85056K, reserved 1130496K
  class space    used 8282K, committed 8832K, reserved 1048576K
}
Event: 174.420 GC heap after
{Heap after GC invocations=2461 (full 61):
 PSYoungGen      total 12288K, used 448K [0x00000000eab00000, 0x00000000eb980000, 0x0000000100000000)
  eden space 11776K, 0% used [0x00000000eab00000,0x00000000eab00000,0x00000000eb680000)
  from space 512K, 87% used [0x00000000eb900000,0x00000000eb970000,0x00000000eb980000)
  to   space 1024K, 0% used [0x00000000eb780000,0x00000000eb780000,0x00000000eb880000)
 ParOldGen       total 170496K, used 165250K [0x00000000c0000000, 0x00000000ca680000, 0x00000000eab00000)
  object space 170496K, 96% used [0x00000000c0000000,0x00000000ca1608e8,0x00000000ca680000)
 Metaspace       used 83898K, committed 85056K, reserved 1130496K
  class space    used 8282K, committed 8832K, reserved 1048576K
}
Event: 174.641 GC heap before
{Heap before GC invocations=2462 (full 61):
 PSYoungGen      total 12288K, used 12224K [0x00000000eab00000, 0x00000000eb980000, 0x0000000100000000)
  eden space 11776K, 100% used [0x00000000eab00000,0x00000000eb680000,0x00000000eb680000)
  from space 512K, 87% used [0x00000000eb900000,0x00000000eb970000,0x00000000eb980000)
  to   space 1024K, 0% used [0x00000000eb780000,0x00000000eb780000,0x00000000eb880000)
 ParOldGen       total 170496K, used 165250K [0x00000000c0000000, 0x00000000ca680000, 0x00000000eab00000)
  object space 170496K, 96% used [0x00000000c0000000,0x00000000ca1608e8,0x00000000ca680000)
 Metaspace       used 83898K, committed 85056K, reserved 1130496K
  class space    used 8282K, committed 8832K, reserved 1048576K
}

