# JRE version: OpenJDK Runtime Environment Temurin-17.0.1+12 (17.0.1+12) (build 17.0.1+12)
# Java VM: OpenJDK 64-Bit Server VM Temurin-17.0.1+12 (17.0.1+12, mixed mode, tiered, compressed oops, compressed class ptrs, parallel gc, windows-amd64)
GC Precious Log:
 CPUs: 4 total, 4 available
 Memory: 8079M
 Large Page Support: Disabled
 NUMA Support: Disabled
 Compressed Oops: Enabled (32-bit)
 Alignments: Space 512K, Generation 512K, Heap 2M
 Heap Min Capacity: 100M
 Heap Initial Capacity: 100M
 Heap Max Capacity: 1G
 Pre-touch: Disabled
 Parallel Workers: 4
Heap:
 PSYoungGen      total 17920K, used 17895K [0x00000000eab00000, 0x00000000ec100000, 0x0000000100000000)
  eden space 16896K, 100% used [0x00000000eab00000,0x00000000ebb80000,0x00000000ebb80000)
  from space 1024K, 97% used [0x00000000ebe00000,0x00000000ebef9f68,0x00000000ebf00000)
  to   space 2560K, 99% used [0x00000000ebb80000,0x00000000ebdfd218,0x00000000ebe00000)
 ParOldGen       total 144896K, used 114866K [0x00000000c0000000, 0x00000000c8d80000, 0x00000000eab00000)
  object space 144896K, 79% used [0x00000000c0000000,0x00000000c702c890,0x00000000c8d80000)
 Metaspace       used 89994K, committed 91136K, reserved 1130496K
  class space    used 9020K, committed 9472K, reserved 1048576K
GC Heap History (20 events):
Event: 1009.371 GC heap after
{Heap after GC invocations=4143 (full 115):
 PSYoungGen      total 18432K, used 816K [0x00000000eab00000, 0x00000000ec000000, 0x0000000100000000)
  eden space 17408K, 0% used [0x00000000eab00000,0x00000000eab00000,0x00000000ebc00000)
  from space 1024K, 79% used [0x00000000ebc00000,0x00000000ebccc010,0x00000000ebd00000)
  to   space 1536K, 0% used [0x00000000ebe80000,0x00000000ebe80000,0x00000000ec000000)
 ParOldGen       total 155648K, used 154973K [0x00000000c0000000, 0x00000000c9800000, 0x00000000eab00000)
  object space 155648K, 99% used [0x00000000c0000000,0x00000000c9757510,0x00000000c9800000)
 Metaspace       used 89978K, committed 91136K, reserved 1130496K
  class space    used 9020K, committed 9472K, reserved 1048576K
}
Event: 1009.371 GC heap before
{Heap before GC invocations=4144 (full 116):
 PSYoungGen      total 18432K, used 816K [0x00000000eab00000, 0x00000000ec000000, 0x0000000100000000)
  eden space 17408K, 0% used [0x00000000eab00000,0x00000000eab00000,0x00000000ebc00000)
  from space 1024K, 79% used [0x00000000ebc00000,0x00000000ebccc010,0x00000000ebd00000)
  to   space 1536K, 0% used [0x00000000ebe80000,0x00000000ebe80000,0x00000000ec000000)
 ParOldGen       total 155648K, used 154973K [0x00000000c0000000, 0x00000000c9800000, 0x00000000eab00000)
  object space 155648K, 99% used [0x00000000c0000000,0x00000000c9757510,0x00000000c9800000)
 Metaspace       used 89978K, committed 91136K, reserved 1130496K
  class space    used 9020K, committed 9472K, reserved 1048576K
}
Event: 1009.482 GC heap after
{Heap after GC invocations=4144 (full 116):
 PSYoungGen      total 17920K, used 0K [0x00000000eab00000, 0x00000000ebf00000, 0x0000000100000000)
  eden space 17408K, 0% used [0x00000000eab00000,0x00000000eab00000,0x00000000ebc00000)
  from space 512K, 0% used [0x00000000ebe80000,0x00000000ebe80000,0x00000000ebf00000)
  to   space 1536K, 0% used [0x00000000ebc00000,0x00000000ebc00000,0x00000000ebd80000)
 ParOldGen       total 144896K, used 107183K [0x00000000c0000000, 0x00000000c8d80000, 0x00000000eab00000)
  object space 144896K, 73% used [0x00000000c0000000,0x00000000c68abd48,0x00000000c8d80000)
 Metaspace       used 89978K, committed 91136K, reserved 1130496K
  class space    used 9020K, committed 9472K, reserved 1048576K
}
Event: 1011.164 GC heap before
{Heap before GC invocations=4145 (full 116):
 PSYoungGen      total 17920K, used 17408K [0x00000000eab00000, 0x00000000ebf00000, 0x0000000100000000)
  eden space 17408K, 100% used [0x00000000eab00000,0x00000000ebc00000,0x00000000ebc00000)
  from space 512K, 0% used [0x00000000ebe80000,0x00000000ebe80000,0x00000000ebf00000)
  to   space 1536K, 0% used [0x00000000ebc00000,0x00000000ebc00000,0x00000000ebd80000)
 ParOldGen       total 144896K, used 107183K [0x00000000c0000000, 0x00000000c8d80000, 0x00000000eab00000)
  object space 144896K, 73% used [0x00000000c0000000,0x00000000c68abd48,0x00000000c8d80000)
 Metaspace       used 89978K, committed 91136K, reserved 1130496K
  class space    used 9020K, committed 9472K, reserved 1048576K
}
Event: 1011.165 GC heap after
{Heap after GC invocations=4145 (full 116):
 PSYoungGen      total 18944K, used 1533K [0x00000000eab00000, 0x00000000ec000000, 0x0000000100000000)
  eden space 17408K, 0% used [0x00000000eab00000,0x00000000eab00000,0x00000000ebc00000)
  from space 1536K, 99% used [0x00000000ebc00000,0x00000000ebd7f4b0,0x00000000ebd80000)
  to   space 2048K, 0% used [0x00000000ebe00000,0x00000000ebe00000,0x00000000ec000000)
 ParOldGen       total 144896K, used 107183K [0x00000000c0000000, 0x00000000c8d80000, 0x00000000eab00000)
  object space 144896K, 73% used [0x00000000c0000000,0x00000000c68abd48,0x00000000c8d80000)
 Metaspace       used 89978K, committed 91136K, reserved 1130496K
  class space    used 9020K, committed 9472K, reserved 1048576K
}
Event: 1011.298 GC heap before
{Heap before GC invocations=4146 (full 116):
 PSYoungGen      total 18944K, used 18941K [0x00000000eab00000, 0x00000000ec000000, 0x0000000100000000)
  eden space 17408K, 100% used [0x00000000eab00000,0x00000000ebc00000,0x00000000ebc00000)
  from space 1536K, 99% used [0x00000000ebc00000,0x00000000ebd7f4b0,0x00000000ebd80000)
  to   space 2048K, 0% used [0x00000000ebe00000,0x00000000ebe00000,0x00000000ec000000)
 ParOldGen       total 144896K, used 107183K [0x00000000c0000000, 0x00000000c8d80000, 0x00000000eab00000)
  object space 144896K, 73% used [0x00000000c0000000,0x00000000c68abd48,0x00000000c8d80000)
 Metaspace       used 89982K, committed 91136K, reserved 1130496K
  class space    used 9020K, committed 9472K, reserved 1048576K
}
Event: 1011.300 GC heap after
{Heap after GC invocations=4146 (full 116):
 PSYoungGen      total 18944K, used 1170K [0x00000000eab00000, 0x00000000ebf80000, 0x0000000100000000)
  eden space 17408K, 0% used [0x00000000eab00000,0x00000000eab00000,0x00000000ebc00000)
  from space 1536K, 76% used [0x00000000ebe00000,0x00000000ebf24ba0,0x00000000ebf80000)
  to   space 1536K, 0% used [0x00000000ebc00000,0x00000000ebc00000,0x00000000ebd80000)
 ParOldGen       total 144896K, used 108641K [0x00000000c0000000, 0x00000000c8d80000, 0x00000000eab00000)
  object space 144896K, 74% used [0x00000000c0000000,0x00000000c6a184f8,0x00000000c8d80000)
 Metaspace       used 89982K, committed 91136K, reserved 1130496K
  class space    used 9020K, committed 9472K, reserved 1048576K
}
Event: 1011.325 GC heap before
{Heap before GC invocations=4147 (full 116):
 PSYoungGen      total 18944K, used 18578K [0x00000000eab00000, 0x00000000ebf80000, 0x0000000100000000)
  eden space 17408K, 100% used [0x00000000eab00000,0x00000000ebc00000,0x00000000ebc00000)
  from space 1536K, 76% used [0x00000000ebe00000,0x00000000ebf24ba0,0x00000000ebf80000)
  to   space 1536K, 0% used [0x00000000ebc00000,0x00000000ebc00000,0x00000000ebd80000)
 ParOldGen       total 144896K, used 108641K [0x00000000c0000000, 0x00000000c8d80000, 0x00000000eab00000)
  object space 144896K, 74% used [0x00000000c0000000,0x00000000c6a184f8,0x00000000c8d80000)
 Metaspace       used 89982K, committed 91136K, reserved 1130496K
  class space    used 9020K, committed 9472K, reserved 1048576K
}
Event: 1011.327 GC heap after
{Heap after GC invocations=4147 (full 116):
 PSYoungGen      total 18944K, used 1517K [0x00000000eab00000, 0x00000000ec100000, 0x0000000100000000)
  eden space 17408K, 0% used [0x00000000eab00000,0x00000000eab00000,0x00000000ebc00000)
  from space 1536K, 98% used [0x00000000ebc00000,0x00000000ebd7b4a0,0x00000000ebd80000)
  to   space 2560K, 0% used [0x00000000ebe80000,0x00000000ebe80000,0x00000000ec100000)
 ParOldGen       total 144896K, used 109233K [0x00000000c0000000, 0x00000000c8d80000, 0x00000000eab00000)
  object space 144896K, 75% used [0x00000000c0000000,0x00000000c6aac7f8,0x00000000c8d80000)
 Metaspace       used 89982K, committed 91136K, reserved 1130496K
  class space    used 9020K, committed 9472K, reserved 1048576K
}
Event: 1011.360 GC heap before
{Heap before GC invocations=4148 (full 116):
 PSYoungGen      total 18944K, used 18925K [0x00000000eab00000, 0x00000000ec100000, 0x0000000100000000)
  eden space 17408K, 100% used [0x00000000eab00000,0x00000000ebc00000,0x00000000ebc00000)
  from space 1536K, 98% used [0x00000000ebc00000,0x00000000ebd7b4a0,0x00000000ebd80000)
  to   space 2560K, 0% used [0x00000000ebe80000,0x00000000ebe80000,0x00000000ec100000)
 ParOldGen       total 144896K, used 109233K [0x00000000c0000000, 0x00000000c8d80000, 0x00000000eab00000)
  object space 144896K, 75% used [0x00000000c0000000,0x00000000c6aac7f8,0x00000000c8d80000)
 Metaspace       used 89983K, committed 91136K, reserved 1130496K
  class space    used 9020K, committed 9472K, reserved 1048576K
}
Event: 1011.363 GC heap after
{Heap after GC invocations=4148 (full 116):
 PSYoungGen      total 19456K, used 1581K [0x00000000eab00000, 0x00000000ec080000, 0x0000000100000000)
  eden space 17408K, 0% used [0x00000000eab00000,0x00000000eab00000,0x00000000ebc00000)
  from space 2048K, 77% used [0x00000000ebe80000,0x00000000ec00b5c8,0x00000000ec080000)
  to   space 2048K, 0% used [0x00000000ebc80000,0x00000000ebc80000,0x00000000ebe80000)
 ParOldGen       total 144896K, used 110747K [0x00000000c0000000, 0x00000000c8d80000, 0x00000000eab00000)
  object space 144896K, 76% used [0x00000000c0000000,0x00000000c6c26d68,0x00000000c8d80000)
 Metaspace       used 89983K, committed 91136K, reserved 1130496K
  class space    used 9020K, committed 9472K, reserved 1048576K
}
Event: 1011.385 GC heap before
{Heap before GC invocations=4149 (full 116):
 PSYoungGen      total 19456K, used 18989K [0x00000000eab00000, 0x00000000ec080000, 0x0000000100000000)
  eden space 17408K, 100% used [0x00000000eab00000,0x00000000ebc00000,0x00000000ebc00000)
  from space 2048K, 77% used [0x00000000ebe80000,0x00000000ec00b5c8,0x00000000ec080000)
  to   space 2048K, 0% used [0x00000000ebc80000,0x00000000ebc80000,0x00000000ebe80000)
 ParOldGen       total 144896K, used 110747K [0x00000000c0000000, 0x00000000c8d80000, 0x00000000eab00000)
  object space 144896K, 76% used [0x00000000c0000000,0x00000000c6c26d68,0x00000000c8d80000)
 Metaspace       used 89983K, committed 91136K, reserved 1130496K
  class space    used 9020K, committed 9472K, reserved 1048576K
}
Event: 1011.387 GC heap after
{Heap after GC invocations=4149 (full 116):
 PSYoungGen      total 19456K, used 2045K [0x00000000eab00000, 0x00000000ec100000, 0x0000000100000000)
  eden space 17408K, 0% used [0x00000000eab00000,0x00000000eab00000,0x00000000ebc00000)
  from space 2048K, 99% used [0x00000000ebc80000,0x00000000ebe7f5d8,0x00000000ebe80000)
  to   space 2560K, 0% used [0x00000000ebe80000,0x00000000ebe80000,0x00000000ec100000)
 ParOldGen       total 144896K, used 110903K [0x00000000c0000000, 0x00000000c8d80000, 0x00000000eab00000)
  object space 144896K, 76% used [0x00000000c0000000,0x00000000c6c4dd88,0x00000000c8d80000)
 Metaspace       used 89983K, committed 91136K, reserved 1130496K
  class space    used 9020K, committed 9472K, reserved 1048576K
}
Event: 1011.544 GC heap before
{Heap before GC invocations=4150 (full 116):
 PSYoungGen      total 19456K, used 19453K [0x00000000eab00000, 0x00000000ec100000, 0x0000000100000000)
  eden space 17408K, 100% used [0x00000000eab00000,0x00000000ebc00000,0x00000000ebc00000)
  from space 2048K, 99% used [0x00000000ebc80000,0x00000000ebe7f5d8,0x00000000ebe80000)
  to   space 2560K, 0% used [0x00000000ebe80000,0x00000000ebe80000,0x00000000ec100000)
 ParOldGen       total 144896K, used 110903K [0x00000000c0000000, 0x00000000c8d80000, 0x00000000eab00000)
  object space 144896K, 76% used [0x00000000c0000000,0x00000000c6c4dd88,0x00000000c8d80000)
 Metaspace       used 89983K, committed 91136K, reserved 1130496K
  class space    used 9020K, committed 9472K, reserved 1048576K
}
Event: 1011.546 GC heap after
{Heap after GC invocations=4150 (full 116):
 PSYoungGen      total 19456K, used 1554K [0x00000000eab00000, 0x00000000ec080000, 0x0000000100000000)
  eden space 17408K, 0% used [0x00000000eab00000,0x00000000eab00000,0x00000000ebc00000)
  from space 2048K, 75% used [0x00000000ebe80000,0x00000000ec004bc0,0x00000000ec080000)
  to   space 2048K, 0% used [0x00000000ebc80000,0x00000000ebc80000,0x00000000ebe80000)
 ParOldGen       total 144896K, used 112911K [0x00000000c0000000, 0x00000000c8d80000, 0x00000000eab00000)
  object space 144896K, 77% used [0x00000000c0000000,0x00000000c6e43fe0,0x00000000c8d80000)
 Metaspace       used 89983K, committed 91136K, reserved 1130496K
  class space    used 9020K, committed 9472K, reserved 1048576K
}
Event: 1011.817 GC heap before
{Heap before GC invocations=4151 (full 116):
 PSYoungGen      total 19456K, used 18962K [0x00000000eab00000, 0x00000000ec080000, 0x0000000100000000)
  eden space 17408K, 100% used [0x00000000eab00000,0x00000000ebc00000,0x00000000ebc00000)
  from space 2048K, 75% used [0x00000000ebe80000,0x00000000ec004bc0,0x00000000ec080000)
  to   space 2048K, 0% used [0x00000000ebc80000,0x00000000ebc80000,0x00000000ebe80000)
 ParOldGen       total 144896K, used 112911K [0x00000000c0000000, 0x00000000c8d80000, 0x00000000eab00000)
  object space 144896K, 77% used [0x00000000c0000000,0x00000000c6e43fe0,0x00000000c8d80000)
 Metaspace       used 89983K, committed 91136K, reserved 1130496K
  class space    used 9020K, committed 9472K, reserved 1048576K
}
Event: 1011.818 GC heap after
{Heap after GC invocations=4151 (full 116):
 PSYoungGen      total 18432K, used 595K [0x00000000eab00000, 0x00000000ebf00000, 0x0000000100000000)
  eden space 17408K, 0% used [0x00000000eab00000,0x00000000eab00000,0x00000000ebc00000)
  from space 1024K, 58% used [0x00000000ebc80000,0x00000000ebd14cc8,0x00000000ebd80000)
  to   space 1024K, 0% used [0x00000000ebe00000,0x00000000ebe00000,0x00000000ebf00000)
 ParOldGen       total 144896K, used 112911K [0x00000000c0000000, 0x00000000c8d80000, 0x00000000eab00000)
  object space 144896K, 77% used [0x00000000c0000000,0x00000000c6e43fe0,0x00000000c8d80000)
 Metaspace       used 89983K, committed 91136K, reserved 1130496K
  class space    used 9020K, committed 9472K, reserved 1048576K
}
Event: 1011.863 GC heap before
{Heap before GC invocations=4152 (full 116):
 PSYoungGen      total 18432K, used 18003K [0x00000000eab00000, 0x00000000ebf00000, 0x0000000100000000)
  eden space 17408K, 100% used [0x00000000eab00000,0x00000000ebc00000,0x00000000ebc00000)
  from space 1024K, 58% used [0x00000000ebc80000,0x00000000ebd14cc8,0x00000000ebd80000)
  to   space 1024K, 0% used [0x00000000ebe00000,0x00000000ebe00000,0x00000000ebf00000)
 ParOldGen       total 144896K, used 112911K [0x00000000c0000000, 0x00000000c8d80000, 0x00000000eab00000)
  object space 144896K, 77% used [0x00000000c0000000,0x00000000c6e43fe0,0x00000000c8d80000)
 Metaspace       used 89983K, committed 91136K, reserved 1130496K
  class space    used 9020K, committed 9472K, reserved 1048576K
}
Event: 1011.865 GC heap after
{Heap after GC invocations=4152 (full 116):
 PSYoungGen      total 17920K, used 999K [0x00000000eab00000, 0x00000000ec100000, 0x0000000100000000)
  eden space 16896K, 0% used [0x00000000eab00000,0x00000000eab00000,0x00000000ebb80000)
  from space 1024K, 97% used [0x00000000ebe00000,0x00000000ebef9f68,0x00000000ebf00000)
  to   space 2560K, 0% used [0x00000000ebb80000,0x00000000ebb80000,0x00000000ebe00000)
 ParOldGen       total 144896K, used 113984K [0x00000000c0000000, 0x00000000c8d80000, 0x00000000eab00000)
  object space 144896K, 78% used [0x00000000c0000000,0x00000000c6f50080,0x00000000c8d80000)
 Metaspace       used 89983K, committed 91136K, reserved 1130496K
  class space    used 9020K, committed 9472K, reserved 1048576K
}
Event: 1012.032 GC heap before
{Heap before GC invocations=4153 (full 116):
 PSYoungGen      total 17920K, used 17895K [0x00000000eab00000, 0x00000000ec100000, 0x0000000100000000)
  eden space 16896K, 100% used [0x00000000eab00000,0x00000000ebb80000,0x00000000ebb80000)
  from space 1024K, 97% used [0x00000000ebe00000,0x00000000ebef9f68,0x00000000ebf00000)
  to   space 2560K, 0% used [0x00000000ebb80000,0x00000000ebb80000,0x00000000ebe00000)
 ParOldGen       total 144896K, used 113984K [0x00000000c0000000, 0x00000000c8d80000, 0x00000000eab00000)
  object space 144896K, 78% used [0x00000000c0000000,0x00000000c6f50080,0x00000000c8d80000)
 Metaspace       used 89994K, committed 91136K, reserved 1130496K
  class space    used 9020K, committed 9472K, reserved 1048576K
}

